  main.cpp
  matrix.cpp
C:\Users\empo1\Desktop\agh\IO\R_2_S_5\Optymalizacja\optimization\optymalizacja_1.1\matrix.cpp(8,27): error C2572: 'matrix::matrix': redefinition of default argument: parameter 1
C:\Users\empo1\Desktop\agh\IO\R_2_S_5\Optymalizacja\optimization\optymalizacja_1.1\matrix.h(22,2): message : see declaration of 'matrix::matrix'
C:\Users\empo1\Desktop\agh\IO\R_2_S_5\Optymalizacja\optimization\optymalizacja_1.1\matrix.cpp(16,43): error C2572: 'matrix::matrix': redefinition of default argument: parameter 1
C:\Users\empo1\Desktop\agh\IO\R_2_S_5\Optymalizacja\optimization\optymalizacja_1.1\matrix.h(23,2): message : see declaration of 'matrix::matrix'
C:\Users\empo1\Desktop\agh\IO\R_2_S_5\Optymalizacja\optimization\optymalizacja_1.1\matrix.cpp(109,37): error C2572: 'matrix::operator ()': redefinition of default argument: parameter 1
C:\Users\empo1\Desktop\agh\IO\R_2_S_5\Optymalizacja\optimization\optymalizacja_1.1\matrix.h(30,10): message : see declaration of 'matrix::operator ()'
C:\Users\empo1\Desktop\agh\IO\R_2_S_5\Optymalizacja\optimization\optymalizacja_1.1\matrix.cpp(109,49): error C2572: 'matrix::operator ()': redefinition of default argument: parameter 2
C:\Users\empo1\Desktop\agh\IO\R_2_S_5\Optymalizacja\optimization\optymalizacja_1.1\matrix.h(30,10): message : see declaration of 'matrix::operator ()'
C:\Users\empo1\Desktop\agh\IO\R_2_S_5\Optymalizacja\optimization\optymalizacja_1.1\matrix.cpp(116,36): error C2572: 'matrix::operator ()': redefinition of default argument: parameter 1
C:\Users\empo1\Desktop\agh\IO\R_2_S_5\Optymalizacja\optimization\optymalizacja_1.1\matrix.h(31,9): message : see declaration of 'matrix::operator ()'
C:\Users\empo1\Desktop\agh\IO\R_2_S_5\Optymalizacja\optimization\optymalizacja_1.1\matrix.cpp(116,48): error C2572: 'matrix::operator ()': redefinition of default argument: parameter 2
C:\Users\empo1\Desktop\agh\IO\R_2_S_5\Optymalizacja\optimization\optymalizacja_1.1\matrix.h(31,9): message : see declaration of 'matrix::operator ()'
C:\Users\empo1\Desktop\agh\IO\R_2_S_5\Optymalizacja\optimization\optymalizacja_1.1\matrix.cpp(147,33): error C2572: 'matrix::add_col': redefinition of default argument: parameter 1
C:\Users\empo1\Desktop\agh\IO\R_2_S_5\Optymalizacja\optimization\optymalizacja_1.1\matrix.h(34,7): message : see declaration of 'matrix::add_col'
C:\Users\empo1\Desktop\agh\IO\R_2_S_5\Optymalizacja\optimization\optymalizacja_1.1\matrix.cpp(159,33): error C2572: 'matrix::add_row': redefinition of default argument: parameter 1
C:\Users\empo1\Desktop\agh\IO\R_2_S_5\Optymalizacja\optimization\optymalizacja_1.1\matrix.h(35,7): message : see declaration of 'matrix::add_row'
  ode_solver.cpp
  opt_alg.cpp
C:\Users\empo1\Desktop\agh\IO\R_2_S_5\Optymalizacja\optimization\optymalizacja_1.1\opt_alg.cpp(3,118): error C2572: 'MC': redefinition of default argument: parameter 1
C:\Users\empo1\Desktop\agh\IO\R_2_S_5\Optymalizacja\optimization\optymalizacja_1.1\opt_alg.h(7,10): message : see declaration of 'MC'
C:\Users\empo1\Desktop\agh\IO\R_2_S_5\Optymalizacja\optimization\optymalizacja_1.1\opt_alg.cpp(3,136): error C2572: 'MC': redefinition of default argument: parameter 2
C:\Users\empo1\Desktop\agh\IO\R_2_S_5\Optymalizacja\optimization\optymalizacja_1.1\opt_alg.h(7,10): message : see declaration of 'MC'
C:\Users\empo1\Desktop\agh\IO\R_2_S_5\Optymalizacja\optimization\optymalizacja_1.1\opt_alg.cpp(35,115): error C2572: 'expansion': redefinition of default argument: parameter 1
C:\Users\empo1\Desktop\agh\IO\R_2_S_5\Optymalizacja\optimization\optymalizacja_1.1\opt_alg.h(9,9): message : see declaration of 'expansion'
C:\Users\empo1\Desktop\agh\IO\R_2_S_5\Optymalizacja\optimization\optymalizacja_1.1\opt_alg.cpp(35,133): error C2572: 'expansion': redefinition of default argument: parameter 2
C:\Users\empo1\Desktop\agh\IO\R_2_S_5\Optymalizacja\optimization\optymalizacja_1.1\opt_alg.h(9,9): message : see declaration of 'expansion'
C:\Users\empo1\Desktop\agh\IO\R_2_S_5\Optymalizacja\optimization\optymalizacja_1.1\opt_alg.cpp(112,100): error C2572: 'fib': redefinition of default argument: parameter 1
C:\Users\empo1\Desktop\agh\IO\R_2_S_5\Optymalizacja\optimization\optymalizacja_1.1\opt_alg.h(10,10): message : see declaration of 'fib'
C:\Users\empo1\Desktop\agh\IO\R_2_S_5\Optymalizacja\optimization\optymalizacja_1.1\opt_alg.cpp(112,118): error C2572: 'fib': redefinition of default argument: parameter 2
C:\Users\empo1\Desktop\agh\IO\R_2_S_5\Optymalizacja\optimization\optymalizacja_1.1\opt_alg.h(10,10): message : see declaration of 'fib'
C:\Users\empo1\Desktop\agh\IO\R_2_S_5\Optymalizacja\optimization\optymalizacja_1.1\opt_alg.cpp(128,124): error C2572: 'lag': redefinition of default argument: parameter 1
C:\Users\empo1\Desktop\agh\IO\R_2_S_5\Optymalizacja\optimization\optymalizacja_1.1\opt_alg.h(11,10): message : see declaration of 'lag'
C:\Users\empo1\Desktop\agh\IO\R_2_S_5\Optymalizacja\optimization\optymalizacja_1.1\opt_alg.cpp(128,142): error C2572: 'lag': redefinition of default argument: parameter 2
C:\Users\empo1\Desktop\agh\IO\R_2_S_5\Optymalizacja\optimization\optymalizacja_1.1\opt_alg.h(11,10): message : see declaration of 'lag'
C:\Users\empo1\Desktop\agh\IO\R_2_S_5\Optymalizacja\optimization\optymalizacja_1.1\opt_alg.cpp(143,124): error C2572: 'HJ': redefinition of default argument: parameter 1
C:\Users\empo1\Desktop\agh\IO\R_2_S_5\Optymalizacja\optimization\optymalizacja_1.1\opt_alg.h(13,10): message : see declaration of 'HJ'
C:\Users\empo1\Desktop\agh\IO\R_2_S_5\Optymalizacja\optimization\optymalizacja_1.1\opt_alg.cpp(143,142): error C2572: 'HJ': redefinition of default argument: parameter 2
C:\Users\empo1\Desktop\agh\IO\R_2_S_5\Optymalizacja\optimization\optymalizacja_1.1\opt_alg.h(13,10): message : see declaration of 'HJ'
C:\Users\empo1\Desktop\agh\IO\R_2_S_5\Optymalizacja\optimization\optymalizacja_1.1\opt_alg.cpp(158,92): error C2572: 'HJ_trial': redefinition of default argument: parameter 1
C:\Users\empo1\Desktop\agh\IO\R_2_S_5\Optymalizacja\optimization\optymalizacja_1.1\opt_alg.h(14,10): message : see declaration of 'HJ_trial'
C:\Users\empo1\Desktop\agh\IO\R_2_S_5\Optymalizacja\optimization\optymalizacja_1.1\opt_alg.cpp(158,110): error C2572: 'HJ_trial': redefinition of default argument: parameter 2
C:\Users\empo1\Desktop\agh\IO\R_2_S_5\Optymalizacja\optimization\optymalizacja_1.1\opt_alg.h(14,10): message : see declaration of 'HJ_trial'
C:\Users\empo1\Desktop\agh\IO\R_2_S_5\Optymalizacja\optimization\optymalizacja_1.1\opt_alg.cpp(172,141): error C2572: 'Rosen': redefinition of default argument: parameter 1
C:\Users\empo1\Desktop\agh\IO\R_2_S_5\Optymalizacja\optimization\optymalizacja_1.1\opt_alg.h(15,10): message : see declaration of 'Rosen'
C:\Users\empo1\Desktop\agh\IO\R_2_S_5\Optymalizacja\optimization\optymalizacja_1.1\opt_alg.cpp(172,159): error C2572: 'Rosen': redefinition of default argument: parameter 2
C:\Users\empo1\Desktop\agh\IO\R_2_S_5\Optymalizacja\optimization\optymalizacja_1.1\opt_alg.h(15,10): message : see declaration of 'Rosen'
C:\Users\empo1\Desktop\agh\IO\R_2_S_5\Optymalizacja\optimization\optymalizacja_1.1\opt_alg.cpp(187,122): error C2572: 'pen': redefinition of default argument: parameter 1
C:\Users\empo1\Desktop\agh\IO\R_2_S_5\Optymalizacja\optimization\optymalizacja_1.1\opt_alg.h(17,10): message : see declaration of 'pen'
C:\Users\empo1\Desktop\agh\IO\R_2_S_5\Optymalizacja\optimization\optymalizacja_1.1\opt_alg.cpp(187,140): error C2572: 'pen': redefinition of default argument: parameter 2
C:\Users\empo1\Desktop\agh\IO\R_2_S_5\Optymalizacja\optimization\optymalizacja_1.1\opt_alg.h(17,10): message : see declaration of 'pen'
C:\Users\empo1\Desktop\agh\IO\R_2_S_5\Optymalizacja\optimization\optymalizacja_1.1\opt_alg.cpp(201,169): error C2572: 'sym_NM': redefinition of default argument: parameter 1
C:\Users\empo1\Desktop\agh\IO\R_2_S_5\Optymalizacja\optimization\optymalizacja_1.1\opt_alg.h(18,10): message : see declaration of 'sym_NM'
C:\Users\empo1\Desktop\agh\IO\R_2_S_5\Optymalizacja\optimization\optymalizacja_1.1\opt_alg.cpp(201,187): error C2572: 'sym_NM': redefinition of default argument: parameter 2
C:\Users\empo1\Desktop\agh\IO\R_2_S_5\Optymalizacja\optimization\optymalizacja_1.1\opt_alg.h(18,10): message : see declaration of 'sym_NM'
C:\Users\empo1\Desktop\agh\IO\R_2_S_5\Optymalizacja\optimization\optymalizacja_1.1\opt_alg.cpp(216,148): error C2572: 'SD': redefinition of default argument: parameter 1
C:\Users\empo1\Desktop\agh\IO\R_2_S_5\Optymalizacja\optimization\optymalizacja_1.1\opt_alg.h(20,10): message : see declaration of 'SD'
C:\Users\empo1\Desktop\agh\IO\R_2_S_5\Optymalizacja\optimization\optymalizacja_1.1\opt_alg.cpp(216,166): error C2572: 'SD': redefinition of default argument: parameter 2
C:\Users\empo1\Desktop\agh\IO\R_2_S_5\Optymalizacja\optimization\optymalizacja_1.1\opt_alg.h(20,10): message : see declaration of 'SD'
C:\Users\empo1\Desktop\agh\IO\R_2_S_5\Optymalizacja\optimization\optymalizacja_1.1\opt_alg.cpp(231,148): error C2572: 'CG': redefinition of default argument: parameter 1
C:\Users\empo1\Desktop\agh\IO\R_2_S_5\Optymalizacja\optimization\optymalizacja_1.1\opt_alg.h(21,10): message : see declaration of 'CG'
C:\Users\empo1\Desktop\agh\IO\R_2_S_5\Optymalizacja\optimization\optymalizacja_1.1\opt_alg.cpp(231,166): error C2572: 'CG': redefinition of default argument: parameter 2
C:\Users\empo1\Desktop\agh\IO\R_2_S_5\Optymalizacja\optimization\optymalizacja_1.1\opt_alg.h(21,10): message : see declaration of 'CG'
C:\Users\empo1\Desktop\agh\IO\R_2_S_5\Optymalizacja\optimization\optymalizacja_1.1\opt_alg.cpp(247,100): error C2572: 'Newton': redefinition of default argument: parameter 1
C:\Users\empo1\Desktop\agh\IO\R_2_S_5\Optymalizacja\optimization\optymalizacja_1.1\opt_alg.h(22,10): message : see declaration of 'Newton'
C:\Users\empo1\Desktop\agh\IO\R_2_S_5\Optymalizacja\optimization\optymalizacja_1.1\opt_alg.cpp(247,118): error C2572: 'Newton': redefinition of default argument: parameter 2
C:\Users\empo1\Desktop\agh\IO\R_2_S_5\Optymalizacja\optimization\optymalizacja_1.1\opt_alg.h(22,10): message : see declaration of 'Newton'
C:\Users\empo1\Desktop\agh\IO\R_2_S_5\Optymalizacja\optimization\optymalizacja_1.1\opt_alg.cpp(262,113): error C2572: 'golden': redefinition of default argument: parameter 1
C:\Users\empo1\Desktop\agh\IO\R_2_S_5\Optymalizacja\optimization\optymalizacja_1.1\opt_alg.h(23,10): message : see declaration of 'golden'
C:\Users\empo1\Desktop\agh\IO\R_2_S_5\Optymalizacja\optimization\optymalizacja_1.1\opt_alg.cpp(262,131): error C2572: 'golden': redefinition of default argument: parameter 2
C:\Users\empo1\Desktop\agh\IO\R_2_S_5\Optymalizacja\optimization\optymalizacja_1.1\opt_alg.h(23,10): message : see declaration of 'golden'
C:\Users\empo1\Desktop\agh\IO\R_2_S_5\Optymalizacja\optimization\optymalizacja_1.1\opt_alg.cpp(277,104): error C2572: 'Powell': redefinition of default argument: parameter 1
C:\Users\empo1\Desktop\agh\IO\R_2_S_5\Optymalizacja\optimization\optymalizacja_1.1\opt_alg.h(25,10): message : see declaration of 'Powell'
C:\Users\empo1\Desktop\agh\IO\R_2_S_5\Optymalizacja\optimization\optymalizacja_1.1\opt_alg.cpp(277,122): error C2572: 'Powell': redefinition of default argument: parameter 2
C:\Users\empo1\Desktop\agh\IO\R_2_S_5\Optymalizacja\optimization\optymalizacja_1.1\opt_alg.h(25,10): message : see declaration of 'Powell'
C:\Users\empo1\Desktop\agh\IO\R_2_S_5\Optymalizacja\optimization\optymalizacja_1.1\opt_alg.cpp(292,153): error C2572: 'EA': redefinition of default argument: parameter 1
C:\Users\empo1\Desktop\agh\IO\R_2_S_5\Optymalizacja\optimization\optymalizacja_1.1\opt_alg.h(27,10): message : see declaration of 'EA'
C:\Users\empo1\Desktop\agh\IO\R_2_S_5\Optymalizacja\optimization\optymalizacja_1.1\opt_alg.cpp(292,171): error C2572: 'EA': redefinition of default argument: parameter 2
C:\Users\empo1\Desktop\agh\IO\R_2_S_5\Optymalizacja\optimization\optymalizacja_1.1\opt_alg.h(27,10): message : see declaration of 'EA'
  solution.cpp
C:\Users\empo1\Desktop\agh\IO\R_2_S_5\Optymalizacja\optimization\optymalizacja_1.1\solution.cpp(27,31): error C2572: 'solution::solution': redefinition of default argument: parameter 1
C:\Users\empo1\Desktop\agh\IO\R_2_S_5\Optymalizacja\optimization\optymalizacja_1.1\solution.h(20,2): message : see declaration of 'solution::solution'
C:\Users\empo1\Desktop\agh\IO\R_2_S_5\Optymalizacja\optimization\optymalizacja_1.1\solution.cpp(90,76): error C2572: 'solution::fit_fun': redefinition of default argument: parameter 1
C:\Users\empo1\Desktop\agh\IO\R_2_S_5\Optymalizacja\optimization\optymalizacja_1.1\solution.h(25,9): message : see declaration of 'solution::fit_fun'
C:\Users\empo1\Desktop\agh\IO\R_2_S_5\Optymalizacja\optimization\optymalizacja_1.1\solution.cpp(90,94): error C2572: 'solution::fit_fun': redefinition of default argument: parameter 2
C:\Users\empo1\Desktop\agh\IO\R_2_S_5\Optymalizacja\optimization\optymalizacja_1.1\solution.h(25,9): message : see declaration of 'solution::fit_fun'
C:\Users\empo1\Desktop\agh\IO\R_2_S_5\Optymalizacja\optimization\optymalizacja_1.1\solution.cpp(104,73): error C2572: 'solution::grad': redefinition of default argument: parameter 1
C:\Users\empo1\Desktop\agh\IO\R_2_S_5\Optymalizacja\optimization\optymalizacja_1.1\solution.h(26,9): message : see declaration of 'solution::grad'
C:\Users\empo1\Desktop\agh\IO\R_2_S_5\Optymalizacja\optimization\optymalizacja_1.1\solution.cpp(104,91): error C2572: 'solution::grad': redefinition of default argument: parameter 2
C:\Users\empo1\Desktop\agh\IO\R_2_S_5\Optymalizacja\optimization\optymalizacja_1.1\solution.h(26,9): message : see declaration of 'solution::grad'
C:\Users\empo1\Desktop\agh\IO\R_2_S_5\Optymalizacja\optimization\optymalizacja_1.1\solution.cpp(118,73): error C2572: 'solution::hess': redefinition of default argument: parameter 1
C:\Users\empo1\Desktop\agh\IO\R_2_S_5\Optymalizacja\optimization\optymalizacja_1.1\solution.h(27,9): message : see declaration of 'solution::hess'
C:\Users\empo1\Desktop\agh\IO\R_2_S_5\Optymalizacja\optimization\optymalizacja_1.1\solution.cpp(118,91): error C2572: 'solution::hess': redefinition of default argument: parameter 2
C:\Users\empo1\Desktop\agh\IO\R_2_S_5\Optymalizacja\optimization\optymalizacja_1.1\solution.h(27,9): message : see declaration of 'solution::hess'
  user_funs.cpp
  Generating Code...
